x META-INF/
x META-INF/MANIFEST.MF
x com/
x com/github/
x com/github/rvesse/
x com/github/rvesse/airline/
x com/github/rvesse/airline/annotations/
x com/github/rvesse/airline/annotations/help/
x com/github/rvesse/airline/annotations/help/class-use/
x com/github/rvesse/airline/help/
x com/github/rvesse/airline/help/cli/
x com/github/rvesse/airline/help/cli/bash/
x com/github/rvesse/airline/help/cli/bash/class-use/
x resources/
x allclasses-frame.html
x allclasses-noframe.html
x com/github/rvesse/airline/annotations/help/BashCompletion.html
x com/github/rvesse/airline/annotations/help/class-use/BashCompletion.html
x com/github/rvesse/airline/annotations/help/package-frame.html
x com/github/rvesse/airline/annotations/help/package-summary.html
x com/github/rvesse/airline/annotations/help/package-tree.html
x com/github/rvesse/airline/annotations/help/package-use.html
x com/github/rvesse/airline/help/cli/bash/BashCompletionGenerator.html
x com/github/rvesse/airline/help/cli/bash/class-use/BashCompletionGenerator.html
x com/github/rvesse/airline/help/cli/bash/class-use/CompletionBehaviour.html
x com/github/rvesse/airline/help/cli/bash/CompletionBehaviour.html
x com/github/rvesse/airline/help/cli/bash/package-frame.html
x com/github/rvesse/airline/help/cli/bash/package-summary.html
x com/github/rvesse/airline/help/cli/bash/package-tree.html
x com/github/rvesse/airline/help/cli/bash/package-use.html
x constant-values.html
x deprecated-list.html
x help-doc.html
x index-all.html
x index.html
x overview-frame.html
x overview-summary.html
x overview-tree.html
x package-list
x resources/background.gif
x resources/tab.gif
x resources/titlebar.gif
x resources/titlebar_end.gif
x stylesheet.css
