x META-INF/
x META-INF/MANIFEST.MF
x com/
x com/github/
x com/github/rvesse/
x com/github/rvesse/airline/
x com/github/rvesse/airline/help/
x com/github/rvesse/airline/help/markdown/
x com/github/rvesse/airline/help/markdown/class-use/
x resources/
x allclasses-frame.html
x allclasses-noframe.html
x com/github/rvesse/airline/help/markdown/class-use/MarkdownCommandUsageGenerator.html
x com/github/rvesse/airline/help/markdown/class-use/MarkdownGlobalUsageGenerator.html
x com/github/rvesse/airline/help/markdown/class-use/MarkdownMultiPageGlobalUsageGenerator.html
x com/github/rvesse/airline/help/markdown/class-use/MarkdownUsageHelper.html
x com/github/rvesse/airline/help/markdown/MarkdownCommandUsageGenerator.html
x com/github/rvesse/airline/help/markdown/MarkdownGlobalUsageGenerator.html
x com/github/rvesse/airline/help/markdown/MarkdownMultiPageGlobalUsageGenerator.html
x com/github/rvesse/airline/help/markdown/MarkdownUsageHelper.html
x com/github/rvesse/airline/help/markdown/package-frame.html
x com/github/rvesse/airline/help/markdown/package-summary.html
x com/github/rvesse/airline/help/markdown/package-tree.html
x com/github/rvesse/airline/help/markdown/package-use.html
x constant-values.html
x deprecated-list.html
x help-doc.html
x index-all.html
x index.html
x overview-tree.html
x package-list
x resources/background.gif
x resources/tab.gif
x resources/titlebar.gif
x resources/titlebar_end.gif
x stylesheet.css
