x META-INF/
x META-INF/MANIFEST.MF
x com/
x com/github/
x com/github/rvesse/
x com/github/rvesse/airline/
x com/github/rvesse/airline/annotations/
x com/github/rvesse/airline/annotations/class-use/
x com/github/rvesse/airline/annotations/help/
x com/github/rvesse/airline/annotations/help/class-use/
x com/github/rvesse/airline/annotations/restrictions/
x com/github/rvesse/airline/annotations/restrictions/class-use/
x com/github/rvesse/airline/annotations/restrictions/ranges/
x com/github/rvesse/airline/annotations/restrictions/ranges/class-use/
x com/github/rvesse/airline/builder/
x com/github/rvesse/airline/builder/class-use/
x com/github/rvesse/airline/class-use/
x com/github/rvesse/airline/help/
x com/github/rvesse/airline/help/class-use/
x com/github/rvesse/airline/help/cli/
x com/github/rvesse/airline/help/cli/class-use/
x com/github/rvesse/airline/help/common/
x com/github/rvesse/airline/help/common/class-use/
x com/github/rvesse/airline/help/sections/
x com/github/rvesse/airline/help/sections/class-use/
x com/github/rvesse/airline/help/sections/common/
x com/github/rvesse/airline/help/sections/common/class-use/
x com/github/rvesse/airline/help/sections/factories/
x com/github/rvesse/airline/help/sections/factories/class-use/
x com/github/rvesse/airline/help/suggester/
x com/github/rvesse/airline/help/suggester/class-use/
x com/github/rvesse/airline/model/
x com/github/rvesse/airline/model/class-use/
x com/github/rvesse/airline/parser/
x com/github/rvesse/airline/parser/aliases/
x com/github/rvesse/airline/parser/aliases/class-use/
x com/github/rvesse/airline/parser/class-use/
x com/github/rvesse/airline/parser/command/
x com/github/rvesse/airline/parser/command/class-use/
x com/github/rvesse/airline/parser/errors/
x com/github/rvesse/airline/parser/errors/class-use/
x com/github/rvesse/airline/parser/options/
x com/github/rvesse/airline/parser/options/class-use/
x com/github/rvesse/airline/parser/suggester/
x com/github/rvesse/airline/parser/suggester/class-use/
x com/github/rvesse/airline/restrictions/
x com/github/rvesse/airline/restrictions/class-use/
x com/github/rvesse/airline/restrictions/common/
x com/github/rvesse/airline/restrictions/common/class-use/
x com/github/rvesse/airline/restrictions/factories/
x com/github/rvesse/airline/restrictions/factories/class-use/
x com/github/rvesse/airline/restrictions/global/
x com/github/rvesse/airline/restrictions/global/class-use/
x com/github/rvesse/airline/restrictions/options/
x com/github/rvesse/airline/restrictions/options/class-use/
x com/github/rvesse/airline/utils/
x com/github/rvesse/airline/utils/class-use/
x com/github/rvesse/airline/utils/comparators/
x com/github/rvesse/airline/utils/comparators/class-use/
x com/github/rvesse/airline/utils/predicates/
x com/github/rvesse/airline/utils/predicates/class-use/
x com/github/rvesse/airline/utils/predicates/parser/
x com/github/rvesse/airline/utils/predicates/parser/class-use/
x com/github/rvesse/airline/utils/predicates/restrictions/
x com/github/rvesse/airline/utils/predicates/restrictions/class-use/
x resources/
x allclasses-frame.html
x allclasses-noframe.html
x com/github/rvesse/airline/Accessor.html
x com/github/rvesse/airline/annotations/Alias.html
x com/github/rvesse/airline/annotations/Arguments.html
x com/github/rvesse/airline/annotations/class-use/Alias.html
x com/github/rvesse/airline/annotations/class-use/Arguments.html
x com/github/rvesse/airline/annotations/class-use/Cli.html
x com/github/rvesse/airline/annotations/class-use/Cli.NO_DEFAULT.html
x com/github/rvesse/airline/annotations/class-use/Command.html
x com/github/rvesse/airline/annotations/class-use/DefaultOption.html
x com/github/rvesse/airline/annotations/class-use/Group.html
x com/github/rvesse/airline/annotations/class-use/Group.NO_DEFAULT.html
x com/github/rvesse/airline/annotations/class-use/Groups.html
x com/github/rvesse/airline/annotations/class-use/Option.html
x com/github/rvesse/airline/annotations/class-use/OptionType.html
x com/github/rvesse/airline/annotations/class-use/Parser.html
x com/github/rvesse/airline/annotations/Cli.html
x com/github/rvesse/airline/annotations/Cli.NO_DEFAULT.html
x com/github/rvesse/airline/annotations/Command.html
x com/github/rvesse/airline/annotations/DefaultOption.html
x com/github/rvesse/airline/annotations/Group.html
x com/github/rvesse/airline/annotations/Group.NO_DEFAULT.html
x com/github/rvesse/airline/annotations/Groups.html
x com/github/rvesse/airline/annotations/help/class-use/Copyright.html
x com/github/rvesse/airline/annotations/help/class-use/Discussion.html
x com/github/rvesse/airline/annotations/help/class-use/Examples.html
x com/github/rvesse/airline/annotations/help/class-use/ExitCodes.html
x com/github/rvesse/airline/annotations/help/class-use/HideSection.html
x com/github/rvesse/airline/annotations/help/class-use/License.html
x com/github/rvesse/airline/annotations/help/class-use/ProseSection.html
x com/github/rvesse/airline/annotations/help/Copyright.html
x com/github/rvesse/airline/annotations/help/Discussion.html
x com/github/rvesse/airline/annotations/help/Examples.html
x com/github/rvesse/airline/annotations/help/ExitCodes.html
x com/github/rvesse/airline/annotations/help/HideSection.html
x com/github/rvesse/airline/annotations/help/License.html
x com/github/rvesse/airline/annotations/help/package-frame.html
x com/github/rvesse/airline/annotations/help/package-summary.html
x com/github/rvesse/airline/annotations/help/package-tree.html
x com/github/rvesse/airline/annotations/help/package-use.html
x com/github/rvesse/airline/annotations/help/ProseSection.html
x com/github/rvesse/airline/annotations/Option.html
x com/github/rvesse/airline/annotations/OptionType.html
x com/github/rvesse/airline/annotations/package-frame.html
x com/github/rvesse/airline/annotations/package-summary.html
x com/github/rvesse/airline/annotations/package-tree.html
x com/github/rvesse/airline/annotations/package-use.html
x com/github/rvesse/airline/annotations/Parser.html
x com/github/rvesse/airline/annotations/restrictions/AllowedRawValues.html
x com/github/rvesse/airline/annotations/restrictions/AllowedValues.html
x com/github/rvesse/airline/annotations/restrictions/class-use/AllowedRawValues.html
x com/github/rvesse/airline/annotations/restrictions/class-use/AllowedValues.html
x com/github/rvesse/airline/annotations/restrictions/class-use/MaxLength.html
x com/github/rvesse/airline/annotations/restrictions/class-use/MaxOccurrences.html
x com/github/rvesse/airline/annotations/restrictions/class-use/MinLength.html
x com/github/rvesse/airline/annotations/restrictions/class-use/MinOccurrences.html
x com/github/rvesse/airline/annotations/restrictions/class-use/MutuallyExclusiveWith.html
x com/github/rvesse/airline/annotations/restrictions/class-use/NotBlank.html
x com/github/rvesse/airline/annotations/restrictions/class-use/NotEmpty.html
x com/github/rvesse/airline/annotations/restrictions/class-use/Once.html
x com/github/rvesse/airline/annotations/restrictions/class-use/Path.html
x com/github/rvesse/airline/annotations/restrictions/class-use/PathKind.html
x com/github/rvesse/airline/annotations/restrictions/class-use/Pattern.html
x com/github/rvesse/airline/annotations/restrictions/class-use/Port.html
x com/github/rvesse/airline/annotations/restrictions/class-use/PortType.html
x com/github/rvesse/airline/annotations/restrictions/class-use/Required.html
x com/github/rvesse/airline/annotations/restrictions/class-use/RequiredOnlyIf.html
x com/github/rvesse/airline/annotations/restrictions/class-use/RequireOnlyOne.html
x com/github/rvesse/airline/annotations/restrictions/class-use/RequireSome.html
x com/github/rvesse/airline/annotations/restrictions/class-use/Unrestricted.html
x com/github/rvesse/airline/annotations/restrictions/MaxLength.html
x com/github/rvesse/airline/annotations/restrictions/MaxOccurrences.html
x com/github/rvesse/airline/annotations/restrictions/MinLength.html
x com/github/rvesse/airline/annotations/restrictions/MinOccurrences.html
x com/github/rvesse/airline/annotations/restrictions/MutuallyExclusiveWith.html
x com/github/rvesse/airline/annotations/restrictions/NotBlank.html
x com/github/rvesse/airline/annotations/restrictions/NotEmpty.html
x com/github/rvesse/airline/annotations/restrictions/Once.html
x com/github/rvesse/airline/annotations/restrictions/package-frame.html
x com/github/rvesse/airline/annotations/restrictions/package-summary.html
x com/github/rvesse/airline/annotations/restrictions/package-tree.html
x com/github/rvesse/airline/annotations/restrictions/package-use.html
x com/github/rvesse/airline/annotations/restrictions/Path.html
x com/github/rvesse/airline/annotations/restrictions/PathKind.html
x com/github/rvesse/airline/annotations/restrictions/Pattern.html
x com/github/rvesse/airline/annotations/restrictions/Port.html
x com/github/rvesse/airline/annotations/restrictions/PortType.html
x com/github/rvesse/airline/annotations/restrictions/ranges/ByteRange.html
x com/github/rvesse/airline/annotations/restrictions/ranges/class-use/ByteRange.html
x com/github/rvesse/airline/annotations/restrictions/ranges/class-use/DoubleRange.html
x com/github/rvesse/airline/annotations/restrictions/ranges/class-use/FloatRange.html
x com/github/rvesse/airline/annotations/restrictions/ranges/class-use/IntegerRange.html
x com/github/rvesse/airline/annotations/restrictions/ranges/class-use/LexicalRange.html
x com/github/rvesse/airline/annotations/restrictions/ranges/class-use/LongRange.html
x com/github/rvesse/airline/annotations/restrictions/ranges/class-use/ShortRange.html
x com/github/rvesse/airline/annotations/restrictions/ranges/DoubleRange.html
x com/github/rvesse/airline/annotations/restrictions/ranges/FloatRange.html
x com/github/rvesse/airline/annotations/restrictions/ranges/IntegerRange.html
x com/github/rvesse/airline/annotations/restrictions/ranges/LexicalRange.html
x com/github/rvesse/airline/annotations/restrictions/ranges/LongRange.html
x com/github/rvesse/airline/annotations/restrictions/ranges/package-frame.html
x com/github/rvesse/airline/annotations/restrictions/ranges/package-summary.html
x com/github/rvesse/airline/annotations/restrictions/ranges/package-tree.html
x com/github/rvesse/airline/annotations/restrictions/ranges/package-use.html
x com/github/rvesse/airline/annotations/restrictions/ranges/ShortRange.html
x com/github/rvesse/airline/annotations/restrictions/Required.html
x com/github/rvesse/airline/annotations/restrictions/RequiredOnlyIf.html
x com/github/rvesse/airline/annotations/restrictions/RequireOnlyOne.html
x com/github/rvesse/airline/annotations/restrictions/RequireSome.html
x com/github/rvesse/airline/annotations/restrictions/Unrestricted.html
x com/github/rvesse/airline/builder/AbstractBuilder.html
x com/github/rvesse/airline/builder/AliasBuilder.html
x com/github/rvesse/airline/builder/class-use/AbstractBuilder.html
x com/github/rvesse/airline/builder/class-use/AliasBuilder.html
x com/github/rvesse/airline/builder/class-use/CliBuilder.html
x com/github/rvesse/airline/builder/class-use/GroupBuilder.html
x com/github/rvesse/airline/builder/class-use/ParserBuilder.html
x com/github/rvesse/airline/builder/CliBuilder.html
x com/github/rvesse/airline/builder/GroupBuilder.html
x com/github/rvesse/airline/builder/package-frame.html
x com/github/rvesse/airline/builder/package-summary.html
x com/github/rvesse/airline/builder/package-tree.html
x com/github/rvesse/airline/builder/package-use.html
x com/github/rvesse/airline/builder/ParserBuilder.html
x com/github/rvesse/airline/class-use/Accessor.html
x com/github/rvesse/airline/class-use/Cli.html
x com/github/rvesse/airline/class-use/CommandFactory.html
x com/github/rvesse/airline/class-use/Context.html
x com/github/rvesse/airline/class-use/DefaultCommandFactory.html
x com/github/rvesse/airline/class-use/DefaultTypeConverter.html
x com/github/rvesse/airline/class-use/HelpOption.html
x com/github/rvesse/airline/class-use/SingleCommand.html
x com/github/rvesse/airline/class-use/TypeConverter.html
x com/github/rvesse/airline/Cli.html
x com/github/rvesse/airline/CommandFactory.html
x com/github/rvesse/airline/Context.html
x com/github/rvesse/airline/DefaultCommandFactory.html
x com/github/rvesse/airline/DefaultTypeConverter.html
x com/github/rvesse/airline/help/class-use/CommandGroupUsageGenerator.html
x com/github/rvesse/airline/help/class-use/CommandUsageGenerator.html
x com/github/rvesse/airline/help/class-use/GlobalUsageGenerator.html
x com/github/rvesse/airline/help/class-use/Help.html
x com/github/rvesse/airline/help/class-use/UsageHelper.html
x com/github/rvesse/airline/help/cli/class-use/CliCommandGroupUsageGenerator.html
x com/github/rvesse/airline/help/cli/class-use/CliCommandUsageGenerator.html
x com/github/rvesse/airline/help/cli/class-use/CliGlobalUsageGenerator.html
x com/github/rvesse/airline/help/cli/class-use/CliGlobalUsageSummaryGenerator.html
x com/github/rvesse/airline/help/cli/class-use/CliUsageHelper.html
x com/github/rvesse/airline/help/cli/CliCommandGroupUsageGenerator.html
x com/github/rvesse/airline/help/cli/CliCommandUsageGenerator.html
x com/github/rvesse/airline/help/cli/CliGlobalUsageGenerator.html
x com/github/rvesse/airline/help/cli/CliGlobalUsageSummaryGenerator.html
x com/github/rvesse/airline/help/cli/CliUsageHelper.html
x com/github/rvesse/airline/help/cli/package-frame.html
x com/github/rvesse/airline/help/cli/package-summary.html
x com/github/rvesse/airline/help/cli/package-tree.html
x com/github/rvesse/airline/help/cli/package-use.html
x com/github/rvesse/airline/help/CommandGroupUsageGenerator.html
x com/github/rvesse/airline/help/CommandUsageGenerator.html
x com/github/rvesse/airline/help/common/AbstractCommandGroupUsageGenerator.html
x com/github/rvesse/airline/help/common/AbstractCommandUsageGenerator.html
x com/github/rvesse/airline/help/common/AbstractGlobalUsageGenerator.html
x com/github/rvesse/airline/help/common/AbstractPrintedCommandGroupUsageGenerator.html
x com/github/rvesse/airline/help/common/AbstractPrintedCommandUsageGenerator.html
x com/github/rvesse/airline/help/common/AbstractPrintedGlobalUsageGenerator.html
x com/github/rvesse/airline/help/common/AbstractUsageGenerator.html
x com/github/rvesse/airline/help/common/class-use/AbstractCommandGroupUsageGenerator.html
x com/github/rvesse/airline/help/common/class-use/AbstractCommandUsageGenerator.html
x com/github/rvesse/airline/help/common/class-use/AbstractGlobalUsageGenerator.html
x com/github/rvesse/airline/help/common/class-use/AbstractPrintedCommandGroupUsageGenerator.html
x com/github/rvesse/airline/help/common/class-use/AbstractPrintedCommandUsageGenerator.html
x com/github/rvesse/airline/help/common/class-use/AbstractPrintedGlobalUsageGenerator.html
x com/github/rvesse/airline/help/common/class-use/AbstractUsageGenerator.html
x com/github/rvesse/airline/help/common/package-frame.html
x com/github/rvesse/airline/help/common/package-summary.html
x com/github/rvesse/airline/help/common/package-tree.html
x com/github/rvesse/airline/help/common/package-use.html
x com/github/rvesse/airline/help/GlobalUsageGenerator.html
x com/github/rvesse/airline/help/Help.html
x com/github/rvesse/airline/help/package-frame.html
x com/github/rvesse/airline/help/package-summary.html
x com/github/rvesse/airline/help/package-tree.html
x com/github/rvesse/airline/help/package-use.html
x com/github/rvesse/airline/help/sections/class-use/HelpFormat.html
x com/github/rvesse/airline/help/sections/class-use/HelpHint.html
x com/github/rvesse/airline/help/sections/class-use/HelpSection.html
x com/github/rvesse/airline/help/sections/common/BasicHint.html
x com/github/rvesse/airline/help/sections/common/BasicSection.html
x com/github/rvesse/airline/help/sections/common/class-use/BasicHint.html
x com/github/rvesse/airline/help/sections/common/class-use/BasicSection.html
x com/github/rvesse/airline/help/sections/common/class-use/CommonSections.html
x com/github/rvesse/airline/help/sections/common/class-use/DiscussionSection.html
x com/github/rvesse/airline/help/sections/common/class-use/ExamplesSection.html
x com/github/rvesse/airline/help/sections/common/class-use/ExitCodesSection.html
x com/github/rvesse/airline/help/sections/common/class-use/ProseSection.html
x com/github/rvesse/airline/help/sections/common/CommonSections.html
x com/github/rvesse/airline/help/sections/common/DiscussionSection.html
x com/github/rvesse/airline/help/sections/common/ExamplesSection.html
x com/github/rvesse/airline/help/sections/common/ExitCodesSection.html
x com/github/rvesse/airline/help/sections/common/package-frame.html
x com/github/rvesse/airline/help/sections/common/package-summary.html
x com/github/rvesse/airline/help/sections/common/package-tree.html
x com/github/rvesse/airline/help/sections/common/package-use.html
x com/github/rvesse/airline/help/sections/common/ProseSection.html
x com/github/rvesse/airline/help/sections/factories/class-use/CommonSectionsFactory.html
x com/github/rvesse/airline/help/sections/factories/class-use/HelpSectionFactory.html
x com/github/rvesse/airline/help/sections/factories/class-use/HelpSectionRegistry.html
x com/github/rvesse/airline/help/sections/factories/CommonSectionsFactory.html
x com/github/rvesse/airline/help/sections/factories/HelpSectionFactory.html
x com/github/rvesse/airline/help/sections/factories/HelpSectionRegistry.html
x com/github/rvesse/airline/help/sections/factories/package-frame.html
x com/github/rvesse/airline/help/sections/factories/package-summary.html
x com/github/rvesse/airline/help/sections/factories/package-tree.html
x com/github/rvesse/airline/help/sections/factories/package-use.html
x com/github/rvesse/airline/help/sections/HelpFormat.html
x com/github/rvesse/airline/help/sections/HelpHint.html
x com/github/rvesse/airline/help/sections/HelpSection.html
x com/github/rvesse/airline/help/sections/package-frame.html
x com/github/rvesse/airline/help/sections/package-summary.html
x com/github/rvesse/airline/help/sections/package-tree.html
x com/github/rvesse/airline/help/sections/package-use.html
x com/github/rvesse/airline/help/suggester/class-use/CommandSuggester.html
x com/github/rvesse/airline/help/suggester/class-use/GlobalSuggester.html
x com/github/rvesse/airline/help/suggester/class-use/GroupSuggester.html
x com/github/rvesse/airline/help/suggester/class-use/SuggestCommand.html
x com/github/rvesse/airline/help/suggester/class-use/Suggester.html
x com/github/rvesse/airline/help/suggester/CommandSuggester.html
x com/github/rvesse/airline/help/suggester/GlobalSuggester.html
x com/github/rvesse/airline/help/suggester/GroupSuggester.html
x com/github/rvesse/airline/help/suggester/package-frame.html
x com/github/rvesse/airline/help/suggester/package-summary.html
x com/github/rvesse/airline/help/suggester/package-tree.html
x com/github/rvesse/airline/help/suggester/package-use.html
x com/github/rvesse/airline/help/suggester/SuggestCommand.html
x com/github/rvesse/airline/help/suggester/Suggester.html
x com/github/rvesse/airline/help/UsageHelper.html
x com/github/rvesse/airline/HelpOption.html
x com/github/rvesse/airline/model/AliasMetadata.html
x com/github/rvesse/airline/model/ArgumentsMetadata.html
x com/github/rvesse/airline/model/class-use/AliasMetadata.html
x com/github/rvesse/airline/model/class-use/ArgumentsMetadata.html
x com/github/rvesse/airline/model/class-use/CommandGroupMetadata.html
x com/github/rvesse/airline/model/class-use/CommandMetadata.html
x com/github/rvesse/airline/model/class-use/GlobalMetadata.html
x com/github/rvesse/airline/model/class-use/MetadataLoader.html
x com/github/rvesse/airline/model/class-use/OptionMetadata.html
x com/github/rvesse/airline/model/class-use/ParserMetadata.html
x com/github/rvesse/airline/model/class-use/SuggesterMetadata.html
x com/github/rvesse/airline/model/CommandGroupMetadata.html
x com/github/rvesse/airline/model/CommandMetadata.html
x com/github/rvesse/airline/model/GlobalMetadata.html
x com/github/rvesse/airline/model/MetadataLoader.html
x com/github/rvesse/airline/model/OptionMetadata.html
x com/github/rvesse/airline/model/package-frame.html
x com/github/rvesse/airline/model/package-summary.html
x com/github/rvesse/airline/model/package-tree.html
x com/github/rvesse/airline/model/package-use.html
x com/github/rvesse/airline/model/ParserMetadata.html
x com/github/rvesse/airline/model/SuggesterMetadata.html
x com/github/rvesse/airline/package-frame.html
x com/github/rvesse/airline/package-summary.html
x com/github/rvesse/airline/package-tree.html
x com/github/rvesse/airline/package-use.html
x com/github/rvesse/airline/parser/AbstractCommandParser.html
x com/github/rvesse/airline/parser/AbstractParser.html
x com/github/rvesse/airline/parser/aliases/AliasArgumentsParser.html
x com/github/rvesse/airline/parser/aliases/AliasResolver.html
x com/github/rvesse/airline/parser/aliases/class-use/AliasArgumentsParser.html
x com/github/rvesse/airline/parser/aliases/class-use/AliasResolver.html
x com/github/rvesse/airline/parser/aliases/class-use/UserAliasesSource.html
x com/github/rvesse/airline/parser/aliases/package-frame.html
x com/github/rvesse/airline/parser/aliases/package-summary.html
x com/github/rvesse/airline/parser/aliases/package-tree.html
x com/github/rvesse/airline/parser/aliases/package-use.html
x com/github/rvesse/airline/parser/aliases/UserAliasesSource.html
x com/github/rvesse/airline/parser/class-use/AbstractCommandParser.html
x com/github/rvesse/airline/parser/class-use/AbstractParser.html
x com/github/rvesse/airline/parser/class-use/ParserUtil.html
x com/github/rvesse/airline/parser/class-use/ParseState.html
x com/github/rvesse/airline/parser/command/class-use/CliParser.html
x com/github/rvesse/airline/parser/command/class-use/SingleCommandParser.html
x com/github/rvesse/airline/parser/command/CliParser.html
x com/github/rvesse/airline/parser/command/package-frame.html
x com/github/rvesse/airline/parser/command/package-summary.html
x com/github/rvesse/airline/parser/command/package-tree.html
x com/github/rvesse/airline/parser/command/package-use.html
x com/github/rvesse/airline/parser/command/SingleCommandParser.html
x com/github/rvesse/airline/parser/errors/class-use/ParseAliasCircularReferenceException.html
x com/github/rvesse/airline/parser/errors/class-use/ParseArgumentsIllegalValueException.html
x com/github/rvesse/airline/parser/errors/class-use/ParseArgumentsMissingException.html
x com/github/rvesse/airline/parser/errors/class-use/ParseArgumentsUnexpectedException.html
x com/github/rvesse/airline/parser/errors/class-use/ParseCommandMissingException.html
x com/github/rvesse/airline/parser/errors/class-use/ParseCommandUnrecognizedException.html
x com/github/rvesse/airline/parser/errors/class-use/ParseException.html
x com/github/rvesse/airline/parser/errors/class-use/ParseInvalidRestrictionException.html
x com/github/rvesse/airline/parser/errors/class-use/ParseOptionConversionException.html
x com/github/rvesse/airline/parser/errors/class-use/ParseOptionGroupException.html
x com/github/rvesse/airline/parser/errors/class-use/ParseOptionIllegalValueException.html
x com/github/rvesse/airline/parser/errors/class-use/ParseOptionMissingException.html
x com/github/rvesse/airline/parser/errors/class-use/ParseOptionMissingValueException.html
x com/github/rvesse/airline/parser/errors/class-use/ParseOptionOutOfRangeException.html
x com/github/rvesse/airline/parser/errors/class-use/ParseOptionUnexpectedException.html
x com/github/rvesse/airline/parser/errors/class-use/ParseRestrictionViolatedException.html
x com/github/rvesse/airline/parser/errors/class-use/ParseTooManyArgumentsException.html
x com/github/rvesse/airline/parser/errors/package-frame.html
x com/github/rvesse/airline/parser/errors/package-summary.html
x com/github/rvesse/airline/parser/errors/package-tree.html
x com/github/rvesse/airline/parser/errors/package-use.html
x com/github/rvesse/airline/parser/errors/ParseAliasCircularReferenceException.html
x com/github/rvesse/airline/parser/errors/ParseArgumentsIllegalValueException.html
x com/github/rvesse/airline/parser/errors/ParseArgumentsMissingException.html
x com/github/rvesse/airline/parser/errors/ParseArgumentsUnexpectedException.html
x com/github/rvesse/airline/parser/errors/ParseCommandMissingException.html
x com/github/rvesse/airline/parser/errors/ParseCommandUnrecognizedException.html
x com/github/rvesse/airline/parser/errors/ParseException.html
x com/github/rvesse/airline/parser/errors/ParseInvalidRestrictionException.html
x com/github/rvesse/airline/parser/errors/ParseOptionConversionException.html
x com/github/rvesse/airline/parser/errors/ParseOptionGroupException.html
x com/github/rvesse/airline/parser/errors/ParseOptionIllegalValueException.html
x com/github/rvesse/airline/parser/errors/ParseOptionMissingException.html
x com/github/rvesse/airline/parser/errors/ParseOptionMissingValueException.html
x com/github/rvesse/airline/parser/errors/ParseOptionOutOfRangeException.html
x com/github/rvesse/airline/parser/errors/ParseOptionUnexpectedException.html
x com/github/rvesse/airline/parser/errors/ParseRestrictionViolatedException.html
x com/github/rvesse/airline/parser/errors/ParseTooManyArgumentsException.html
x com/github/rvesse/airline/parser/options/AbstractKeyValueOptionParser.html
x com/github/rvesse/airline/parser/options/AbstractOptionParser.html
x com/github/rvesse/airline/parser/options/class-use/AbstractKeyValueOptionParser.html
x com/github/rvesse/airline/parser/options/class-use/AbstractOptionParser.html
x com/github/rvesse/airline/parser/options/class-use/ClassicGetOptParser.html
x com/github/rvesse/airline/parser/options/class-use/ListValueOptionParser.html
x com/github/rvesse/airline/parser/options/class-use/LongGetOptParser.html
x com/github/rvesse/airline/parser/options/class-use/MaybePairValueOptionParser.html
x com/github/rvesse/airline/parser/options/class-use/OptionParser.html
x com/github/rvesse/airline/parser/options/class-use/StandardOptionParser.html
x com/github/rvesse/airline/parser/options/ClassicGetOptParser.html
x com/github/rvesse/airline/parser/options/ListValueOptionParser.html
x com/github/rvesse/airline/parser/options/LongGetOptParser.html
x com/github/rvesse/airline/parser/options/MaybePairValueOptionParser.html
x com/github/rvesse/airline/parser/options/OptionParser.html
x com/github/rvesse/airline/parser/options/package-frame.html
x com/github/rvesse/airline/parser/options/package-summary.html
x com/github/rvesse/airline/parser/options/package-tree.html
x com/github/rvesse/airline/parser/options/package-use.html
x com/github/rvesse/airline/parser/options/StandardOptionParser.html
x com/github/rvesse/airline/parser/package-frame.html
x com/github/rvesse/airline/parser/package-summary.html
x com/github/rvesse/airline/parser/package-tree.html
x com/github/rvesse/airline/parser/package-use.html
x com/github/rvesse/airline/parser/ParserUtil.html
x com/github/rvesse/airline/parser/ParseState.html
x com/github/rvesse/airline/parser/suggester/class-use/SuggestionParser.html
x com/github/rvesse/airline/parser/suggester/package-frame.html
x com/github/rvesse/airline/parser/suggester/package-summary.html
x com/github/rvesse/airline/parser/suggester/package-tree.html
x com/github/rvesse/airline/parser/suggester/package-use.html
x com/github/rvesse/airline/parser/suggester/SuggestionParser.html
x com/github/rvesse/airline/restrictions/AbstractCommonRestriction.html
x com/github/rvesse/airline/restrictions/ArgumentsRestriction.html
x com/github/rvesse/airline/restrictions/class-use/AbstractCommonRestriction.html
x com/github/rvesse/airline/restrictions/class-use/ArgumentsRestriction.html
x com/github/rvesse/airline/restrictions/class-use/GlobalRestriction.html
x com/github/rvesse/airline/restrictions/class-use/None.html
x com/github/rvesse/airline/restrictions/class-use/OptionRestriction.html
x com/github/rvesse/airline/restrictions/common/AbstractAllowedValuesRestriction.html
x com/github/rvesse/airline/restrictions/common/AbstractStringRestriction.html
x com/github/rvesse/airline/restrictions/common/AllowedRawValuesRestriction.html
x com/github/rvesse/airline/restrictions/common/AllowedValuesRestriction.html
x com/github/rvesse/airline/restrictions/common/class-use/AbstractAllowedValuesRestriction.html
x com/github/rvesse/airline/restrictions/common/class-use/AbstractStringRestriction.html
x com/github/rvesse/airline/restrictions/common/class-use/AllowedRawValuesRestriction.html
x com/github/rvesse/airline/restrictions/common/class-use/AllowedValuesRestriction.html
x com/github/rvesse/airline/restrictions/common/class-use/IsRequiredRestriction.html
x com/github/rvesse/airline/restrictions/common/class-use/LengthRestriction.html
x com/github/rvesse/airline/restrictions/common/class-use/NotBlankRestriction.html
x com/github/rvesse/airline/restrictions/common/class-use/NotEmptyRestriction.html
x com/github/rvesse/airline/restrictions/common/class-use/OccurrencesRestriction.html
x com/github/rvesse/airline/restrictions/common/class-use/PathRestriction.html
x com/github/rvesse/airline/restrictions/common/class-use/PatternRestriction.html
x com/github/rvesse/airline/restrictions/common/class-use/PortRestriction.html
x com/github/rvesse/airline/restrictions/common/class-use/RangeRestriction.html
x com/github/rvesse/airline/restrictions/common/IsRequiredRestriction.html
x com/github/rvesse/airline/restrictions/common/LengthRestriction.html
x com/github/rvesse/airline/restrictions/common/NotBlankRestriction.html
x com/github/rvesse/airline/restrictions/common/NotEmptyRestriction.html
x com/github/rvesse/airline/restrictions/common/OccurrencesRestriction.html
x com/github/rvesse/airline/restrictions/common/package-frame.html
x com/github/rvesse/airline/restrictions/common/package-summary.html
x com/github/rvesse/airline/restrictions/common/package-tree.html
x com/github/rvesse/airline/restrictions/common/package-use.html
x com/github/rvesse/airline/restrictions/common/PathRestriction.html
x com/github/rvesse/airline/restrictions/common/PatternRestriction.html
x com/github/rvesse/airline/restrictions/common/PortRestriction.html
x com/github/rvesse/airline/restrictions/common/RangeRestriction.html
x com/github/rvesse/airline/restrictions/factories/AllowedValuesRestrictionFactory.html
x com/github/rvesse/airline/restrictions/factories/ArgumentsRestrictionFactory.html
x com/github/rvesse/airline/restrictions/factories/class-use/AllowedValuesRestrictionFactory.html
x com/github/rvesse/airline/restrictions/factories/class-use/ArgumentsRestrictionFactory.html
x com/github/rvesse/airline/restrictions/factories/class-use/OccurrencesRestrictionFactory.html
x com/github/rvesse/airline/restrictions/factories/class-use/OptionRestrictionFactory.html
x com/github/rvesse/airline/restrictions/factories/class-use/PathRestrictionFactory.html
x com/github/rvesse/airline/restrictions/factories/class-use/PortRestrictionFactory.html
x com/github/rvesse/airline/restrictions/factories/class-use/RangeRestrictionFactory.html
x com/github/rvesse/airline/restrictions/factories/class-use/RequiredOnlyIfRestrictionFactory.html
x com/github/rvesse/airline/restrictions/factories/class-use/RequireFromRestrictionFactory.html
x com/github/rvesse/airline/restrictions/factories/class-use/RestrictionRegistry.html
x com/github/rvesse/airline/restrictions/factories/class-use/SimpleRestrictionsFactory.html
x com/github/rvesse/airline/restrictions/factories/class-use/StringRestrictionFactory.html
x com/github/rvesse/airline/restrictions/factories/OccurrencesRestrictionFactory.html
x com/github/rvesse/airline/restrictions/factories/OptionRestrictionFactory.html
x com/github/rvesse/airline/restrictions/factories/package-frame.html
x com/github/rvesse/airline/restrictions/factories/package-summary.html
x com/github/rvesse/airline/restrictions/factories/package-tree.html
x com/github/rvesse/airline/restrictions/factories/package-use.html
x com/github/rvesse/airline/restrictions/factories/PathRestrictionFactory.html
x com/github/rvesse/airline/restrictions/factories/PortRestrictionFactory.html
x com/github/rvesse/airline/restrictions/factories/RangeRestrictionFactory.html
x com/github/rvesse/airline/restrictions/factories/RequiredOnlyIfRestrictionFactory.html
x com/github/rvesse/airline/restrictions/factories/RequireFromRestrictionFactory.html
x com/github/rvesse/airline/restrictions/factories/RestrictionRegistry.html
x com/github/rvesse/airline/restrictions/factories/SimpleRestrictionsFactory.html
x com/github/rvesse/airline/restrictions/factories/StringRestrictionFactory.html
x com/github/rvesse/airline/restrictions/global/class-use/CommandRequiredRestriction.html
x com/github/rvesse/airline/restrictions/global/class-use/NoMissingOptionValuesRestriction.html
x com/github/rvesse/airline/restrictions/global/class-use/NoUnexpectedArgumentsRestriction.html
x com/github/rvesse/airline/restrictions/global/CommandRequiredRestriction.html
x com/github/rvesse/airline/restrictions/global/NoMissingOptionValuesRestriction.html
x com/github/rvesse/airline/restrictions/global/NoUnexpectedArgumentsRestriction.html
x com/github/rvesse/airline/restrictions/global/package-frame.html
x com/github/rvesse/airline/restrictions/global/package-summary.html
x com/github/rvesse/airline/restrictions/global/package-tree.html
x com/github/rvesse/airline/restrictions/global/package-use.html
x com/github/rvesse/airline/restrictions/GlobalRestriction.html
x com/github/rvesse/airline/restrictions/None.html
x com/github/rvesse/airline/restrictions/OptionRestriction.html
x com/github/rvesse/airline/restrictions/options/class-use/MutuallyExclusiveRestriction.html
x com/github/rvesse/airline/restrictions/options/class-use/RequiredOnlyIfRestriction.html
x com/github/rvesse/airline/restrictions/options/class-use/RequireFromRestriction.html
x com/github/rvesse/airline/restrictions/options/MutuallyExclusiveRestriction.html
x com/github/rvesse/airline/restrictions/options/package-frame.html
x com/github/rvesse/airline/restrictions/options/package-summary.html
x com/github/rvesse/airline/restrictions/options/package-tree.html
x com/github/rvesse/airline/restrictions/options/package-use.html
x com/github/rvesse/airline/restrictions/options/RequiredOnlyIfRestriction.html
x com/github/rvesse/airline/restrictions/options/RequireFromRestriction.html
x com/github/rvesse/airline/restrictions/package-frame.html
x com/github/rvesse/airline/restrictions/package-summary.html
x com/github/rvesse/airline/restrictions/package-tree.html
x com/github/rvesse/airline/restrictions/package-use.html
x com/github/rvesse/airline/SingleCommand.html
x com/github/rvesse/airline/TypeConverter.html
x com/github/rvesse/airline/utils/AirlineUtils.html
x com/github/rvesse/airline/utils/class-use/AirlineUtils.html
x com/github/rvesse/airline/utils/comparators/AbstractComparableComparator.html
x com/github/rvesse/airline/utils/comparators/AbstractObjectComparator.html
x com/github/rvesse/airline/utils/comparators/ByteComparator.html
x com/github/rvesse/airline/utils/comparators/class-use/AbstractComparableComparator.html
x com/github/rvesse/airline/utils/comparators/class-use/AbstractObjectComparator.html
x com/github/rvesse/airline/utils/comparators/class-use/ByteComparator.html
x com/github/rvesse/airline/utils/comparators/class-use/DoubleComparator.html
x com/github/rvesse/airline/utils/comparators/class-use/FloatComparator.html
x com/github/rvesse/airline/utils/comparators/class-use/HelpSectionComparator.html
x com/github/rvesse/airline/utils/comparators/class-use/IntegerComparator.html
x com/github/rvesse/airline/utils/comparators/class-use/LexicalComparator.html
x com/github/rvesse/airline/utils/comparators/class-use/LongComparator.html
x com/github/rvesse/airline/utils/comparators/class-use/ShortComparator.html
x com/github/rvesse/airline/utils/comparators/class-use/StringHierarchyComparator.html
x com/github/rvesse/airline/utils/comparators/DoubleComparator.html
x com/github/rvesse/airline/utils/comparators/FloatComparator.html
x com/github/rvesse/airline/utils/comparators/HelpSectionComparator.html
x com/github/rvesse/airline/utils/comparators/IntegerComparator.html
x com/github/rvesse/airline/utils/comparators/LexicalComparator.html
x com/github/rvesse/airline/utils/comparators/LongComparator.html
x com/github/rvesse/airline/utils/comparators/package-frame.html
x com/github/rvesse/airline/utils/comparators/package-summary.html
x com/github/rvesse/airline/utils/comparators/package-tree.html
x com/github/rvesse/airline/utils/comparators/package-use.html
x com/github/rvesse/airline/utils/comparators/ShortComparator.html
x com/github/rvesse/airline/utils/comparators/StringHierarchyComparator.html
x com/github/rvesse/airline/utils/package-frame.html
x com/github/rvesse/airline/utils/package-summary.html
x com/github/rvesse/airline/utils/package-tree.html
x com/github/rvesse/airline/utils/package-use.html
x com/github/rvesse/airline/utils/predicates/AbstractAbbreviationFinder.html
x com/github/rvesse/airline/utils/predicates/class-use/AbstractAbbreviationFinder.html
x com/github/rvesse/airline/utils/predicates/class-use/LocaleSensitiveStringFinder.html
x com/github/rvesse/airline/utils/predicates/LocaleSensitiveStringFinder.html
x com/github/rvesse/airline/utils/predicates/package-frame.html
x com/github/rvesse/airline/utils/predicates/package-summary.html
x com/github/rvesse/airline/utils/predicates/package-tree.html
x com/github/rvesse/airline/utils/predicates/package-use.html
x com/github/rvesse/airline/utils/predicates/parser/AbbreviatedCommandFinder.html
x com/github/rvesse/airline/utils/predicates/parser/AbbreviatedGroupFinder.html
x com/github/rvesse/airline/utils/predicates/parser/AbbreviatedOptionFinder.html
x com/github/rvesse/airline/utils/predicates/parser/AliasFinder.html
x com/github/rvesse/airline/utils/predicates/parser/class-use/AbbreviatedCommandFinder.html
x com/github/rvesse/airline/utils/predicates/parser/class-use/AbbreviatedGroupFinder.html
x com/github/rvesse/airline/utils/predicates/parser/class-use/AbbreviatedOptionFinder.html
x com/github/rvesse/airline/utils/predicates/parser/class-use/AliasFinder.html
x com/github/rvesse/airline/utils/predicates/parser/class-use/CommandFinder.html
x com/github/rvesse/airline/utils/predicates/parser/class-use/CommandTypeFinder.html
x com/github/rvesse/airline/utils/predicates/parser/class-use/GroupFinder.html
x com/github/rvesse/airline/utils/predicates/parser/class-use/OptionFinder.html
x com/github/rvesse/airline/utils/predicates/parser/class-use/ParsedOptionFinder.html
x com/github/rvesse/airline/utils/predicates/parser/CommandFinder.html
x com/github/rvesse/airline/utils/predicates/parser/CommandTypeFinder.html
x com/github/rvesse/airline/utils/predicates/parser/GroupFinder.html
x com/github/rvesse/airline/utils/predicates/parser/OptionFinder.html
x com/github/rvesse/airline/utils/predicates/parser/package-frame.html
x com/github/rvesse/airline/utils/predicates/parser/package-summary.html
x com/github/rvesse/airline/utils/predicates/parser/package-tree.html
x com/github/rvesse/airline/utils/predicates/parser/package-use.html
x com/github/rvesse/airline/utils/predicates/parser/ParsedOptionFinder.html
x com/github/rvesse/airline/utils/predicates/restrictions/AbstractOptionRestrictionBasedFinder.html
x com/github/rvesse/airline/utils/predicates/restrictions/AbstractParsedOptionRestrictionBasedFinder.html
x com/github/rvesse/airline/utils/predicates/restrictions/AllowedValuesOptionFinder.html
x com/github/rvesse/airline/utils/predicates/restrictions/class-use/AbstractOptionRestrictionBasedFinder.html
x com/github/rvesse/airline/utils/predicates/restrictions/class-use/AbstractParsedOptionRestrictionBasedFinder.html
x com/github/rvesse/airline/utils/predicates/restrictions/class-use/AllowedValuesOptionFinder.html
x com/github/rvesse/airline/utils/predicates/restrictions/class-use/IsRequiredArgumentFinder.html
x com/github/rvesse/airline/utils/predicates/restrictions/class-use/IsRequiredOptionFinder.html
x com/github/rvesse/airline/utils/predicates/restrictions/class-use/MutuallyExclusiveWithFinder.html
x com/github/rvesse/airline/utils/predicates/restrictions/class-use/MutuallyExclusiveWithTagParsedOptionFinder.html
x com/github/rvesse/airline/utils/predicates/restrictions/class-use/RequiredFromFinder.html
x com/github/rvesse/airline/utils/predicates/restrictions/class-use/RequiredTagOptionFinder.html
x com/github/rvesse/airline/utils/predicates/restrictions/class-use/RequiredTagParsedOptionFinder.html
x com/github/rvesse/airline/utils/predicates/restrictions/IsRequiredArgumentFinder.html
x com/github/rvesse/airline/utils/predicates/restrictions/IsRequiredOptionFinder.html
x com/github/rvesse/airline/utils/predicates/restrictions/MutuallyExclusiveWithFinder.html
x com/github/rvesse/airline/utils/predicates/restrictions/MutuallyExclusiveWithTagParsedOptionFinder.html
x com/github/rvesse/airline/utils/predicates/restrictions/package-frame.html
x com/github/rvesse/airline/utils/predicates/restrictions/package-summary.html
x com/github/rvesse/airline/utils/predicates/restrictions/package-tree.html
x com/github/rvesse/airline/utils/predicates/restrictions/package-use.html
x com/github/rvesse/airline/utils/predicates/restrictions/RequiredFromFinder.html
x com/github/rvesse/airline/utils/predicates/restrictions/RequiredTagOptionFinder.html
x com/github/rvesse/airline/utils/predicates/restrictions/RequiredTagParsedOptionFinder.html
x constant-values.html
x deprecated-list.html
x help-doc.html
x index-all.html
x index.html
x overview-frame.html
x overview-summary.html
x overview-tree.html
x package-list
x resources/background.gif
x resources/tab.gif
x resources/titlebar.gif
x resources/titlebar_end.gif
x serialized-form.html
x stylesheet.css
