x META-INF/
x META-INF/MANIFEST.MF
x com/
x com/github/
x com/github/rvesse/
x com/github/rvesse/airline/
x com/github/rvesse/airline/help/
x com/github/rvesse/airline/help/ronn/
x com/github/rvesse/airline/help/ronn/class-use/
x resources/
x allclasses-frame.html
x allclasses-noframe.html
x com/github/rvesse/airline/help/ronn/class-use/RonnCommandUsageGenerator.html
x com/github/rvesse/airline/help/ronn/class-use/RonnGlobalUsageGenerator.html
x com/github/rvesse/airline/help/ronn/class-use/RonnMultiPageGlobalUsageGenerator.html
x com/github/rvesse/airline/help/ronn/class-use/RonnUsageHelper.html
x com/github/rvesse/airline/help/ronn/package-frame.html
x com/github/rvesse/airline/help/ronn/package-summary.html
x com/github/rvesse/airline/help/ronn/package-tree.html
x com/github/rvesse/airline/help/ronn/package-use.html
x com/github/rvesse/airline/help/ronn/RonnCommandUsageGenerator.html
x com/github/rvesse/airline/help/ronn/RonnGlobalUsageGenerator.html
x com/github/rvesse/airline/help/ronn/RonnMultiPageGlobalUsageGenerator.html
x com/github/rvesse/airline/help/ronn/RonnUsageHelper.html
x constant-values.html
x deprecated-list.html
x help-doc.html
x index-all.html
x index.html
x overview-tree.html
x package-list
x resources/background.gif
x resources/tab.gif
x resources/titlebar.gif
x resources/titlebar_end.gif
x stylesheet.css
