x META-INF/
x META-INF/MANIFEST.MF
x com/
x com/github/
x com/github/rvesse/
x com/github/rvesse/airline/
x com/github/rvesse/airline/io/
x com/github/rvesse/airline/io/class-use/
x com/github/rvesse/airline/io/colors/
x com/github/rvesse/airline/io/colors/class-use/
x com/github/rvesse/airline/io/colors/sources/
x com/github/rvesse/airline/io/colors/sources/class-use/
x com/github/rvesse/airline/io/decorations/
x com/github/rvesse/airline/io/decorations/class-use/
x com/github/rvesse/airline/io/decorations/sources/
x com/github/rvesse/airline/io/decorations/sources/class-use/
x com/github/rvesse/airline/io/output/
x com/github/rvesse/airline/io/output/class-use/
x com/github/rvesse/airline/io/printers/
x com/github/rvesse/airline/io/printers/class-use/
x com/github/rvesse/airline/io/writers/
x com/github/rvesse/airline/io/writers/class-use/
x resources/
x allclasses-frame.html
x allclasses-noframe.html
x com/github/rvesse/airline/io/AnsiControlCodes.html
x com/github/rvesse/airline/io/class-use/AnsiControlCodes.html
x com/github/rvesse/airline/io/class-use/ControlCodeSource.html
x com/github/rvesse/airline/io/class-use/ControlTracker.html
x com/github/rvesse/airline/io/colors/AnsiColorProvider.html
x com/github/rvesse/airline/io/colors/BasicColor.html
x com/github/rvesse/airline/io/colors/class-use/AnsiColorProvider.html
x com/github/rvesse/airline/io/colors/class-use/BasicColor.html
x com/github/rvesse/airline/io/colors/class-use/Color256.html
x com/github/rvesse/airline/io/colors/class-use/TrueColor.html
x com/github/rvesse/airline/io/colors/Color256.html
x com/github/rvesse/airline/io/colors/package-frame.html
x com/github/rvesse/airline/io/colors/package-summary.html
x com/github/rvesse/airline/io/colors/package-tree.html
x com/github/rvesse/airline/io/colors/package-use.html
x com/github/rvesse/airline/io/colors/sources/AnsiBackgroundColorSource.html
x com/github/rvesse/airline/io/colors/sources/AnsiColorSource.html
x com/github/rvesse/airline/io/colors/sources/AnsiForegroundColorSource.html
x com/github/rvesse/airline/io/colors/sources/class-use/AnsiBackgroundColorSource.html
x com/github/rvesse/airline/io/colors/sources/class-use/AnsiColorSource.html
x com/github/rvesse/airline/io/colors/sources/class-use/AnsiForegroundColorSource.html
x com/github/rvesse/airline/io/colors/sources/package-frame.html
x com/github/rvesse/airline/io/colors/sources/package-summary.html
x com/github/rvesse/airline/io/colors/sources/package-tree.html
x com/github/rvesse/airline/io/colors/sources/package-use.html
x com/github/rvesse/airline/io/colors/TrueColor.html
x com/github/rvesse/airline/io/ControlCodeSource.html
x com/github/rvesse/airline/io/ControlTracker.html
x com/github/rvesse/airline/io/decorations/AnsiDecorationProvider.html
x com/github/rvesse/airline/io/decorations/BasicDecoration.html
x com/github/rvesse/airline/io/decorations/class-use/AnsiDecorationProvider.html
x com/github/rvesse/airline/io/decorations/class-use/BasicDecoration.html
x com/github/rvesse/airline/io/decorations/package-frame.html
x com/github/rvesse/airline/io/decorations/package-summary.html
x com/github/rvesse/airline/io/decorations/package-tree.html
x com/github/rvesse/airline/io/decorations/package-use.html
x com/github/rvesse/airline/io/decorations/sources/AnsiDecorationSource.html
x com/github/rvesse/airline/io/decorations/sources/class-use/AnsiDecorationSource.html
x com/github/rvesse/airline/io/decorations/sources/package-frame.html
x com/github/rvesse/airline/io/decorations/sources/package-summary.html
x com/github/rvesse/airline/io/decorations/sources/package-tree.html
x com/github/rvesse/airline/io/decorations/sources/package-use.html
x com/github/rvesse/airline/io/output/Ansi256ColorizedOutputStream.html
x com/github/rvesse/airline/io/output/AnsiBasicColorizedOutputStream.html
x com/github/rvesse/airline/io/output/AnsiOutputStream.html
x com/github/rvesse/airline/io/output/AnsiTrueColorizedOutputStream.html
x com/github/rvesse/airline/io/output/class-use/Ansi256ColorizedOutputStream.html
x com/github/rvesse/airline/io/output/class-use/AnsiBasicColorizedOutputStream.html
x com/github/rvesse/airline/io/output/class-use/AnsiOutputStream.html
x com/github/rvesse/airline/io/output/class-use/AnsiTrueColorizedOutputStream.html
x com/github/rvesse/airline/io/output/class-use/ColorizedOutputStream.html
x com/github/rvesse/airline/io/output/class-use/OutputStreamControlTracker.html
x com/github/rvesse/airline/io/output/ColorizedOutputStream.html
x com/github/rvesse/airline/io/output/OutputStreamControlTracker.html
x com/github/rvesse/airline/io/output/package-frame.html
x com/github/rvesse/airline/io/output/package-summary.html
x com/github/rvesse/airline/io/output/package-tree.html
x com/github/rvesse/airline/io/output/package-use.html
x com/github/rvesse/airline/io/package-frame.html
x com/github/rvesse/airline/io/package-summary.html
x com/github/rvesse/airline/io/package-tree.html
x com/github/rvesse/airline/io/package-use.html
x com/github/rvesse/airline/io/printers/class-use/TroffPrinter.BulletStyle.html
x com/github/rvesse/airline/io/printers/class-use/TroffPrinter.html
x com/github/rvesse/airline/io/printers/class-use/UsagePrinter.html
x com/github/rvesse/airline/io/printers/package-frame.html
x com/github/rvesse/airline/io/printers/package-summary.html
x com/github/rvesse/airline/io/printers/package-tree.html
x com/github/rvesse/airline/io/printers/package-use.html
x com/github/rvesse/airline/io/printers/TroffPrinter.BulletStyle.html
x com/github/rvesse/airline/io/printers/TroffPrinter.html
x com/github/rvesse/airline/io/printers/UsagePrinter.html
x com/github/rvesse/airline/io/writers/Ansi256ColorizedWriter.html
x com/github/rvesse/airline/io/writers/AnsiBasicColorizedWriter.html
x com/github/rvesse/airline/io/writers/AnsiTrueColorizedWriter.html
x com/github/rvesse/airline/io/writers/AnsiWriter.html
x com/github/rvesse/airline/io/writers/class-use/Ansi256ColorizedWriter.html
x com/github/rvesse/airline/io/writers/class-use/AnsiBasicColorizedWriter.html
x com/github/rvesse/airline/io/writers/class-use/AnsiTrueColorizedWriter.html
x com/github/rvesse/airline/io/writers/class-use/AnsiWriter.html
x com/github/rvesse/airline/io/writers/class-use/ColorizedWriter.html
x com/github/rvesse/airline/io/writers/class-use/WriterControlTracker.html
x com/github/rvesse/airline/io/writers/ColorizedWriter.html
x com/github/rvesse/airline/io/writers/package-frame.html
x com/github/rvesse/airline/io/writers/package-summary.html
x com/github/rvesse/airline/io/writers/package-tree.html
x com/github/rvesse/airline/io/writers/package-use.html
x com/github/rvesse/airline/io/writers/WriterControlTracker.html
x constant-values.html
x deprecated-list.html
x help-doc.html
x index-all.html
x index.html
x overview-frame.html
x overview-summary.html
x overview-tree.html
x package-list
x resources/background.gif
x resources/tab.gif
x resources/titlebar.gif
x resources/titlebar_end.gif
x stylesheet.css
