x META-INF/
x META-INF/MANIFEST.MF
x com/
x com/github/
x com/github/rvesse/
x com/github/rvesse/airline/
x com/github/rvesse/airline/help/
x com/github/rvesse/airline/help/man/
x com/github/rvesse/airline/help/man/class-use/
x resources/
x allclasses-frame.html
x allclasses-noframe.html
x com/github/rvesse/airline/help/man/class-use/ManCommandUsageGenerator.html
x com/github/rvesse/airline/help/man/class-use/ManGlobalUsageGenerator.html
x com/github/rvesse/airline/help/man/class-use/ManMultiPageGlobalUsageGenerator.html
x com/github/rvesse/airline/help/man/class-use/ManSections.html
x com/github/rvesse/airline/help/man/class-use/ManUsageHelper.html
x com/github/rvesse/airline/help/man/ManCommandUsageGenerator.html
x com/github/rvesse/airline/help/man/ManGlobalUsageGenerator.html
x com/github/rvesse/airline/help/man/ManMultiPageGlobalUsageGenerator.html
x com/github/rvesse/airline/help/man/ManSections.html
x com/github/rvesse/airline/help/man/ManUsageHelper.html
x com/github/rvesse/airline/help/man/package-frame.html
x com/github/rvesse/airline/help/man/package-summary.html
x com/github/rvesse/airline/help/man/package-tree.html
x com/github/rvesse/airline/help/man/package-use.html
x constant-values.html
x deprecated-list.html
x help-doc.html
x index-all.html
x index.html
x overview-tree.html
x package-list
x resources/background.gif
x resources/tab.gif
x resources/titlebar.gif
x resources/titlebar_end.gif
x stylesheet.css
