x META-INF/
x META-INF/MANIFEST.MF
x com/
x com/github/
x com/github/rvesse/
x com/github/rvesse/airline/
x com/github/rvesse/airline/help/
x com/github/rvesse/airline/help/html/
x com/github/rvesse/airline/help/html/class-use/
x resources/
x allclasses-frame.html
x allclasses-noframe.html
x com/github/rvesse/airline/help/html/class-use/HtmlCommandUsageGenerator.html
x com/github/rvesse/airline/help/html/HtmlCommandUsageGenerator.html
x com/github/rvesse/airline/help/html/package-frame.html
x com/github/rvesse/airline/help/html/package-summary.html
x com/github/rvesse/airline/help/html/package-tree.html
x com/github/rvesse/airline/help/html/package-use.html
x constant-values.html
x deprecated-list.html
x help-doc.html
x index-all.html
x index.html
x overview-tree.html
x package-list
x resources/background.gif
x resources/tab.gif
x resources/titlebar.gif
x resources/titlebar_end.gif
x stylesheet.css
